###############################################################################
#
# IAR ANSI C/C++ Compiler V7.10.3.6832/W32 for ARM        06/Jun/2014  17:56:37
# Copyright 1999-2014 IAR Systems AB.
#
#    Cpu mode     =  arm
#    Endian       =  little
#    Source file  =  
#        E:\SVN Dir\PQ\iSAM Test Bench\Bridge_Host_OS\APP\app_probe.c
#    Command line =  
#        "E:\SVN Dir\PQ\iSAM Test Bench\Bridge_Host_OS\APP\app_probe.c" -lcN
#        "E:\SVN Dir\PQ\iSAM Test Bench\Bridge_Host_OS\APP\FLASH\List\" -lb
#        "E:\SVN Dir\PQ\iSAM Test Bench\Bridge_Host_OS\APP\FLASH\List\" -o
#        "E:\SVN Dir\PQ\iSAM Test Bench\Bridge_Host_OS\APP\FLASH\Obj\" --no_cse
#        --no_unroll --no_inline --no_code_motion --no_tbaa --no_clustering
#        --no_scheduling --debug --endian=little --cpu=ARM7TDMI -e --fpu=None
#        --dlib_config "C:\Program Files (x86)\IAR Systems\Embedded Workbench
#        7.0\arm\INC\c\DLib_Config_Full.h" -I "E:\SVN Dir\PQ\iSAM Test
#        Bench\Bridge_Host_OS\APP\" -I "E:\SVN Dir\PQ\iSAM Test
#        Bench\Bridge_Host_OS\APP\..\uC-CPU\ARM\IAR\" -I "E:\SVN Dir\PQ\iSAM
#        Test Bench\Bridge_Host_OS\APP\..\BSP\" -I "E:\SVN Dir\PQ\iSAM Test
#        Bench\Bridge_Host_OS\APP\..\Driver\" -I "E:\SVN Dir\PQ\iSAM Test
#        Bench\Bridge_Host_OS\APP\..\Noah\" -I "E:\SVN Dir\PQ\iSAM Test
#        Bench\Bridge_Host_OS\APP\..\Shell\" -I "E:\SVN Dir\PQ\iSAM Test
#        Bench\Bridge_Host_OS\APP\..\uCOS-II\Source\" -I "E:\SVN Dir\PQ\iSAM
#        Test Bench\Bridge_Host_OS\APP\..\uC-CPU\" -I "E:\SVN Dir\PQ\iSAM Test
#        Bench\Bridge_Host_OS\APP\..\uC-LIB\" -I "E:\SVN Dir\PQ\iSAM Test
#        Bench\Bridge_Host_OS\APP\..\uC-CPU\ARM\IAR\" -I "E:\SVN Dir\PQ\iSAM
#        Test Bench\Bridge_Host_OS\APP\..\uCOS-II\Ports\ARM\Generic\IAR\" -I
#        "E:\SVN Dir\PQ\iSAM Test
#        Bench\Bridge_Host_OS\APP\..\uC-Probe\Target\Communication\Generic\RS-232\Source\"
#        -I "E:\SVN Dir\PQ\iSAM Test
#        Bench\Bridge_Host_OS\APP\..\uC-Probe\Target\Communication\Generic\RS-232\Ports\Atmel\AT91SAM7X\"
#        -I "E:\SVN Dir\PQ\iSAM Test
#        Bench\Bridge_Host_OS\APP\..\uC-Probe\Target\Communication\Generic\Source\"
#        -I "E:\SVN Dir\PQ\iSAM Test
#        Bench\Bridge_Host_OS\APP\..\uC-Probe\Target\Plugins\uCOS-II\" -I
#        "E:\SVN Dir\PQ\iSAM Test
#        Bench\Bridge_Host_OS\APP\..\uC-Probe\Target\Demos\Intro\Source\"
#        --interwork --cpu_mode arm -On --use_c++_inline
#    List file    =  
#        E:\SVN Dir\PQ\iSAM Test
#        Bench\Bridge_Host_OS\APP\FLASH\List\app_probe.lst
#    Object file  =  
#        E:\SVN Dir\PQ\iSAM Test Bench\Bridge_Host_OS\APP\FLASH\Obj\app_probe.o
#
###############################################################################

E:\SVN Dir\PQ\iSAM Test Bench\Bridge_Host_OS\APP\app_probe.c
      1          /*
      2          *********************************************************************************************************
      3          *                                              EXAMPLE CODE
      4          *
      5          *                          (c) Copyright 2003-2009; Micrium, Inc.; Weston, FL
      6          *
      7          *               All rights reserved.  Protected by international copyright laws.
      8          *               Knowledge of the source code may NOT be used to develop a similar product.
      9          *               Please help us continue to provide the Embedded community with the finest
     10          *               software available.  Your honesty is greatly appreciated.
     11          *********************************************************************************************************
     12          */
     13          
     14          /*
     15          *********************************************************************************************************
     16          *
     17          *                                           uC/Probe
     18          *                                      Application Code
     19          *
     20          * Filename      : app_probe.c
     21          * Version       : V1.0.0
     22          * Programmer(s) : FT
     23          *********************************************************************************************************
     24          */
     25          
     26          /*
     27          *********************************************************************************************************
     28          *                                             INCLUDE FILES
     29          *********************************************************************************************************
     30          */
     31          #define  APP_PROBE_MODULE
     32          #include <app_probe.h>
     33          
     34          
     35          /*
     36          *********************************************************************************************************
     37          *                                                 ENABLE
     38          *********************************************************************************************************
     39          */
     40          
     41          #if (APP_CFG_PROBE_COM_EN        == DEF_ENABLED) || \
     42              (APP_CFG_PROBE_OS_PLUGIN_EN  == DEF_ENABLED)
     43          
     44          /*
     45          *********************************************************************************************************
     46          *                                       LOCAL GLOBAL VARIABLES
     47          *********************************************************************************************************
     48          */
     49          
     50          #if (APP_CFG_PROBE_OS_PLUGIN_EN == DEF_ENABLED)
     51          static  CPU_INT32U   App_ProbeCnts;
     52          #endif
     53          
     54          
     55          /*
     56          *********************************************************************************************************
     57          *                                          FUNCTION PROTOTYPES
     58          *********************************************************************************************************
     59          */
     60          
     61          
     62          #if (APP_CFG_PROBE_OS_PLUGIN_EN == DEF_ENABLED)
     63          static  void  App_ProbeCallback          (void);
     64          #endif
     65          
     66          
     67          /*
     68          *********************************************************************************************************
     69          *                                    LOCAL CONFIGURATION ERRORS
     70          *********************************************************************************************************
     71          */
     72          
     73          
     74          /*
     75          *********************************************************************************************************
     76          *                                         App_ProbeInit()
     77          *
     78          * Description : Initialize all uC/Probe modules.
     79          *
     80          * Argument(s) : none.
     81          *
     82          * Return(s)   : none.
     83          *
     84          * Note(s)     : none
     85          *********************************************************************************************************
     86          */
     87          
     88          
     89          void  App_ProbeInit (void)
     90          {
     91          
     92          #if (APP_CFG_PROBE_OS_PLUGIN_EN == DEF_ENABLED)
     93          
     94              OSProbe_Init();
     95              OSProbe_SetCallback(App_ProbeCallback);
     96              OSProbe_SetDelay(50);
     97          #endif
     98          
     99          #if (APP_CFG_PROBE_COM_EN == DEF_ENABLED)
    100              APP_TRACE_INFO(("Initializing uC/Probe ... \n\r"));    
    101              ProbeCom_Init();                                            /* Initialize the uC/Probe communications module            */
    102          
    103          #if (PROBE_COM_CFG_RS232_EN == DEF_ENABLED)
    104              ProbeRS232_Init(115200);
    105              ProbeRS232_RxIntEn();
    106          #endif
    107          
    108          #if (PROBE_COM_CFG_TCPIP_EN == DEF_ENABLED)
    109              ProbeTCPIP_Init();
    110          #endif    
    111          #endif
    112              
    113          #if (APP_CFG_PROBE_DEMO_INTRO_EN == DEF_ENABLED)
    114              ProbeDemoIntro_Init();
    115          #endif    
    116          }
    117          
    118          
    119          /*
    120          *********************************************************************************************************
    121          *                                         AppProbeCallback()
    122          *
    123          * Description : This function is called by the uC/Probe uC/OS-II plug-in after updating task information.
    124          *
    125          * Argument(s) : none.
    126          *
    127          * Return(s)   : none.
    128          *********************************************************************************************************
    129          */
    130          
    131          #if (APP_CFG_PROBE_OS_PLUGIN_EN == DEF_ENABLED)
    132          static  void  App_ProbeCallback (void)
    133          {
    134              App_ProbeCnts++;    
    135          }
    136          #endif
    137          
    138          
    139          
    140          #endif


 

 


Errors: none
Warnings: none
