###############################################################################
#
# IAR ANSI C/C++ Compiler V7.10.3.6832/W32 for ARM        21/Jun/2016  16:45:15
# Copyright 1999-2014 IAR Systems AB.
#
#    Cpu mode     =  arm
#    Endian       =  little
#    Source file  =  
#        F:\SVN Dir\PQ\iSAM Test Bench\Bridge_Host_OS\Driver\async.c
#    Command line =  
#        "F:\SVN Dir\PQ\iSAM Test Bench\Bridge_Host_OS\Driver\async.c" -lcN
#        "F:\SVN Dir\PQ\iSAM Test Bench\Bridge_Host_OS\APP\FLASH\List\" -lb
#        "F:\SVN Dir\PQ\iSAM Test Bench\Bridge_Host_OS\APP\FLASH\List\" -o
#        "F:\SVN Dir\PQ\iSAM Test Bench\Bridge_Host_OS\APP\FLASH\Obj\" --no_cse
#        --no_unroll --no_inline --no_code_motion --no_tbaa --no_clustering
#        --no_scheduling --debug --endian=little --cpu=ARM7TDMI -e --fpu=None
#        --dlib_config "C:\Program Files (x86)\IAR Systems\Embedded Workbench
#        7.0\arm\INC\c\DLib_Config_Full.h" -I "F:\SVN Dir\PQ\iSAM Test
#        Bench\Bridge_Host_OS\APP\" -I "F:\SVN Dir\PQ\iSAM Test
#        Bench\Bridge_Host_OS\APP\..\uC-CPU\ARM\IAR\" -I "F:\SVN Dir\PQ\iSAM
#        Test Bench\Bridge_Host_OS\APP\..\BSP\" -I "F:\SVN Dir\PQ\iSAM Test
#        Bench\Bridge_Host_OS\APP\..\Driver\" -I "F:\SVN Dir\PQ\iSAM Test
#        Bench\Bridge_Host_OS\APP\..\Noah\" -I "F:\SVN Dir\PQ\iSAM Test
#        Bench\Bridge_Host_OS\APP\..\Shell\" -I "F:\SVN Dir\PQ\iSAM Test
#        Bench\Bridge_Host_OS\APP\..\uCOS-II\Source\" -I "F:\SVN Dir\PQ\iSAM
#        Test Bench\Bridge_Host_OS\APP\..\uC-CPU\" -I "F:\SVN Dir\PQ\iSAM Test
#        Bench\Bridge_Host_OS\APP\..\uC-LIB\" -I "F:\SVN Dir\PQ\iSAM Test
#        Bench\Bridge_Host_OS\APP\..\uC-CPU\ARM\IAR\" -I "F:\SVN Dir\PQ\iSAM
#        Test Bench\Bridge_Host_OS\APP\..\uCOS-II\Ports\ARM\Generic\IAR\" -I
#        "F:\SVN Dir\PQ\iSAM Test
#        Bench\Bridge_Host_OS\APP\..\uC-Probe\Target\Communication\Generic\RS-232\Source\"
#        -I "F:\SVN Dir\PQ\iSAM Test
#        Bench\Bridge_Host_OS\APP\..\uC-Probe\Target\Communication\Generic\RS-232\Ports\Atmel\AT91SAM7X\"
#        -I "F:\SVN Dir\PQ\iSAM Test
#        Bench\Bridge_Host_OS\APP\..\uC-Probe\Target\Communication\Generic\Source\"
#        -I "F:\SVN Dir\PQ\iSAM Test
#        Bench\Bridge_Host_OS\APP\..\uC-Probe\Target\Plugins\uCOS-II\" -I
#        "F:\SVN Dir\PQ\iSAM Test
#        Bench\Bridge_Host_OS\APP\..\uC-Probe\Target\Demos\Intro\Source\"
#        --interwork --cpu_mode arm -On --use_c++_inline
#    List file    =  
#        F:\SVN Dir\PQ\iSAM Test Bench\Bridge_Host_OS\APP\FLASH\List\async.lst
#    Object file  =  
#        F:\SVN Dir\PQ\iSAM Test Bench\Bridge_Host_OS\APP\FLASH\Obj\async.o
#
###############################################################################

F:\SVN Dir\PQ\iSAM Test Bench\Bridge_Host_OS\Driver\async.c
      1          /* ----------------------------------------------------------------------------
      2           *         ATMEL Microcontroller Software Support 
      3           * ----------------------------------------------------------------------------
      4           * Copyright (c) 2008, Atmel Corporation
      5           *
      6           * All rights reserved.
      7           *
      8           * Redistribution and use in source and binary forms, with or without
      9           * modification, are permitted provided that the following conditions are met:
     10           *
     11           * - Redistributions of source code must retain the above copyright notice,
     12           * this list of conditions and the disclaimer below.
     13           *
     14           * Atmel's name may not be used to endorse or promote products derived from
     15           * this software without specific prior written permission.
     16           *
     17           * DISCLAIMER: THIS SOFTWARE IS PROVIDED BY ATMEL "AS IS" AND ANY EXPRESS OR
     18           * IMPLIED WARRANTIES, INCLUDING, BUT NOT LIMITED TO, THE IMPLIED WARRANTIES OF
     19           * MERCHANTABILITY, FITNESS FOR A PARTICULAR PURPOSE AND NON-INFRINGEMENT ARE
     20           * DISCLAIMED. IN NO EVENT SHALL ATMEL BE LIABLE FOR ANY DIRECT, INDIRECT,
     21           * INCIDENTAL, SPECIAL, EXEMPLARY, OR CONSEQUENTIAL DAMAGES (INCLUDING, BUT NOT
     22           * LIMITED TO, PROCUREMENT OF SUBSTITUTE GOODS OR SERVICES; LOSS OF USE, DATA,
     23           * OR PROFITS; OR BUSINESS INTERRUPTION) HOWEVER CAUSED AND ON ANY THEORY OF
     24           * LIABILITY, WHETHER IN CONTRACT, STRICT LIABILITY, OR TORT (INCLUDING
     25           * NEGLIGENCE OR OTHERWISE) ARISING IN ANY WAY OUT OF THE USE OF THIS SOFTWARE,
     26           * EVEN IF ADVISED OF THE POSSIBILITY OF SUCH DAMAGE.
     27           * ----------------------------------------------------------------------------
     28           */
     29          
     30          //------------------------------------------------------------------------------
     31          //         Headers
     32          //------------------------------------------------------------------------------
     33          
     34          #include "async.h"
     35          
     36          //------------------------------------------------------------------------------
     37          //         Global functions
     38          //------------------------------------------------------------------------------
     39          
     40          //------------------------------------------------------------------------------
     41          /// Returns 1 if the given transfer has ended; otherwise returns 0.
     42          /// \param pAsync  Pointer to an Async instance.
     43          //------------------------------------------------------------------------------
     44          unsigned char ASYNC_IsFinished(Async *pAsync)
     45          {
     46              return (pAsync->status != ASYNC_STATUS_PENDING);
     47          }
     48          

   Maximum stack usage in bytes:

   .cstack Function
   ------- --------
       0   ASYNC_IsFinished


   Section sizes:

   Bytes  Function/Label
   -----  --------------
      32  ASYNC_IsFinished

 
 32 bytes in section .text
 
 32 bytes of CODE memory

Errors: none
Warnings: none
