###############################################################################
#
# IAR ANSI C/C++ Compiler V7.10.3.6832/W32 for ARM        18/Dec/2014  19:24:23
# Copyright 1999-2014 IAR Systems AB.
#
#    Cpu mode     =  arm
#    Endian       =  little
#    Source file  =  E:\SVN Dir\PQ\iSAM Test Bench\Bridge_Host_OS\Driver\math.c
#    Command line =  
#        "E:\SVN Dir\PQ\iSAM Test Bench\Bridge_Host_OS\Driver\math.c" -lcN
#        "E:\SVN Dir\PQ\iSAM Test Bench\Bridge_Host_OS\APP\FLASH\List\" -lb
#        "E:\SVN Dir\PQ\iSAM Test Bench\Bridge_Host_OS\APP\FLASH\List\" -o
#        "E:\SVN Dir\PQ\iSAM Test Bench\Bridge_Host_OS\APP\FLASH\Obj\" --no_cse
#        --no_unroll --no_inline --no_code_motion --no_tbaa --no_clustering
#        --no_scheduling --debug --endian=little --cpu=ARM7TDMI -e --fpu=None
#        --dlib_config "C:\Program Files (x86)\IAR Systems\Embedded Workbench
#        7.0\arm\INC\c\DLib_Config_Full.h" -I "E:\SVN Dir\PQ\iSAM Test
#        Bench\Bridge_Host_OS\APP\" -I "E:\SVN Dir\PQ\iSAM Test
#        Bench\Bridge_Host_OS\APP\..\uC-CPU\ARM\IAR\" -I "E:\SVN Dir\PQ\iSAM
#        Test Bench\Bridge_Host_OS\APP\..\BSP\" -I "E:\SVN Dir\PQ\iSAM Test
#        Bench\Bridge_Host_OS\APP\..\Driver\" -I "E:\SVN Dir\PQ\iSAM Test
#        Bench\Bridge_Host_OS\APP\..\Noah\" -I "E:\SVN Dir\PQ\iSAM Test
#        Bench\Bridge_Host_OS\APP\..\Shell\" -I "E:\SVN Dir\PQ\iSAM Test
#        Bench\Bridge_Host_OS\APP\..\uCOS-II\Source\" -I "E:\SVN Dir\PQ\iSAM
#        Test Bench\Bridge_Host_OS\APP\..\uC-CPU\" -I "E:\SVN Dir\PQ\iSAM Test
#        Bench\Bridge_Host_OS\APP\..\uC-LIB\" -I "E:\SVN Dir\PQ\iSAM Test
#        Bench\Bridge_Host_OS\APP\..\uC-CPU\ARM\IAR\" -I "E:\SVN Dir\PQ\iSAM
#        Test Bench\Bridge_Host_OS\APP\..\uCOS-II\Ports\ARM\Generic\IAR\" -I
#        "E:\SVN Dir\PQ\iSAM Test
#        Bench\Bridge_Host_OS\APP\..\uC-Probe\Target\Communication\Generic\RS-232\Source\"
#        -I "E:\SVN Dir\PQ\iSAM Test
#        Bench\Bridge_Host_OS\APP\..\uC-Probe\Target\Communication\Generic\RS-232\Ports\Atmel\AT91SAM7X\"
#        -I "E:\SVN Dir\PQ\iSAM Test
#        Bench\Bridge_Host_OS\APP\..\uC-Probe\Target\Communication\Generic\Source\"
#        -I "E:\SVN Dir\PQ\iSAM Test
#        Bench\Bridge_Host_OS\APP\..\uC-Probe\Target\Plugins\uCOS-II\" -I
#        "E:\SVN Dir\PQ\iSAM Test
#        Bench\Bridge_Host_OS\APP\..\uC-Probe\Target\Demos\Intro\Source\"
#        --interwork --cpu_mode arm -On --use_c++_inline
#    List file    =  
#        E:\SVN Dir\PQ\iSAM Test Bench\Bridge_Host_OS\APP\FLASH\List\math.lst
#    Object file  =  
#        E:\SVN Dir\PQ\iSAM Test Bench\Bridge_Host_OS\APP\FLASH\Obj\math.o
#
###############################################################################

E:\SVN Dir\PQ\iSAM Test Bench\Bridge_Host_OS\Driver\math.c
      1          /* ----------------------------------------------------------------------------
      2           *         ATMEL Microcontroller Software Support 
      3           * ----------------------------------------------------------------------------
      4           * Copyright (c) 2008, Atmel Corporation
      5           *
      6           * All rights reserved.
      7           *
      8           * Redistribution and use in source and binary forms, with or without
      9           * modification, are permitted provided that the following conditions are met:
     10           *
     11           * - Redistributions of source code must retain the above copyright notice,
     12           * this list of conditions and the disclaimer below.
     13           *
     14           * Atmel's name may not be used to endorse or promote products derived from
     15           * this software without specific prior written permission.
     16           *
     17           * DISCLAIMER: THIS SOFTWARE IS PROVIDED BY ATMEL "AS IS" AND ANY EXPRESS OR
     18           * IMPLIED WARRANTIES, INCLUDING, BUT NOT LIMITED TO, THE IMPLIED WARRANTIES OF
     19           * MERCHANTABILITY, FITNESS FOR A PARTICULAR PURPOSE AND NON-INFRINGEMENT ARE
     20           * DISCLAIMED. IN NO EVENT SHALL ATMEL BE LIABLE FOR ANY DIRECT, INDIRECT,
     21           * INCIDENTAL, SPECIAL, EXEMPLARY, OR CONSEQUENTIAL DAMAGES (INCLUDING, BUT NOT
     22           * LIMITED TO, PROCUREMENT OF SUBSTITUTE GOODS OR SERVICES; LOSS OF USE, DATA,
     23           * OR PROFITS; OR BUSINESS INTERRUPTION) HOWEVER CAUSED AND ON ANY THEORY OF
     24           * LIABILITY, WHETHER IN CONTRACT, STRICT LIABILITY, OR TORT (INCLUDING
     25           * NEGLIGENCE OR OTHERWISE) ARISING IN ANY WAY OUT OF THE USE OF THIS SOFTWARE,
     26           * EVEN IF ADVISED OF THE POSSIBILITY OF SUCH DAMAGE.
     27           * ----------------------------------------------------------------------------
     28           */
     29          
     30          //------------------------------------------------------------------------------
     31          //         Headers
     32          //------------------------------------------------------------------------------
     33          
     34          #include "math.h"
     35          
     36          //------------------------------------------------------------------------------
     37          //         Exported functions
     38          //------------------------------------------------------------------------------
     39          
     40          //------------------------------------------------------------------------------
     41          /// Returns the minimum value between two integers.
     42          /// \param a  First integer to compare.
     43          /// \param b  Second integer to compare.
     44          //------------------------------------------------------------------------------
     45          unsigned int min(unsigned int a, unsigned int b)
     46          { 
     47              if (a < b) {
     48          
     49                  return a;
     50              }
     51              else {
     52          
     53                  return b;
     54              }
     55          }
     56          
     57          //------------------------------------------------------------------------------
     58          /// Returns the absolute value of an integer.
     59          /// \param value  Integer value.
     60          //------------------------------------------------------------------------------
     61          // Do not call this function "abs", problem with gcc !
     62          unsigned int absv(signed int value)
     63          {
     64              if (value < 0) {
     65          
     66                  return -value;
     67              }
     68              else {
     69          
     70                  return value;
     71              }
     72          }
     73          
     74          //------------------------------------------------------------------------------
     75          /// Computes and returns x power of y.
     76          /// \param x  Value.
     77          /// \param y  Power.
     78          //------------------------------------------------------------------------------
     79          unsigned int power(unsigned int x, unsigned int y)
     80          {
     81              unsigned int result = 1;
     82              
     83              while (y > 0) {
     84          
     85                  result *= x;
     86                  y--;
     87              } 
     88              return result;
     89          }
     90          

   Maximum stack usage in bytes:

   .cstack Function
   ------- --------
       0   absv
       0   min
       0   power


   Section sizes:

   Bytes  Function/Label
   -----  --------------
      20  absv
      28  min
      32  power

 
 80 bytes in section .text
 
 80 bytes of CODE memory

Errors: none
Warnings: none
